[04/06/26 22:32:21] INFO     Database engine created: localhost:5432/kmp_repair 
[04/06/26 22:32:21] INFO     Rehydrated: Case 3407b237 [EVALUATED]              
                             kmp-production-sample-impact-demo | io.ktor        
                             3.1.3→3.4.1                                        
[04/06/26 22:32:21] INFO     Case 3407b237: --fresh deleted 11 execution_run(s) 
                    INFO     reset workspace to HEAD:                           
                             /Users/sbobi/Desktop/Tesis-Master/Desarrollo/kmp-re
                             pair-pipeline/data/artifacts/3407b237-981f-40da-962
                             3-4c4ac3c2087b/workspace/before                    
                    INFO     reset workspace to HEAD:                           
                             /Users/sbobi/Desktop/Tesis-Master/Desarrollo/kmp-re
                             pair-pipeline/data/artifacts/3407b237-981f-40da-962
                             3-4c4ac3c2087b/workspace/after                     
[04/06/26 22:32:22] INFO     Wrote sdk.dir to                                   
                             /Users/sbobi/Desktop/Tesis-Master/Desarrollo/kmp-re
                             pair-pipeline/data/artifacts/3407b237-981f-40da-962
                             3-4c4ac3c2087b/workspace/after/local.properties    
                    INFO     EnvProfile: java=openjdk version "21.0.9"          
                             2025-10-21 LTS gradlew=True android=True xcode=True
                             targets=['shared', 'android', 'ios']               
                    INFO     Wrote sdk.dir to                                   
                             /Users/sbobi/Desktop/Tesis-Master/Desarrollo/kmp-re
                             pair-pipeline/data/artifacts/3407b237-981f-40da-962
                             3-4c4ac3c2087b/workspace/before/local.properties   
[04/06/26 22:32:22] INFO     Case 3407b237: wrote local.properties to before    
                             workspace                                          
                    INFO     Case 3407b237: runnable=['shared', 'android',      
                             'ios'] unavailable=[]                              
[04/06/26 22:32:22] INFO     Running:                                           
                             /Users/sbobi/Desktop/Tesis-Master/Desarrollo/kmp-re
                             pair-pipeline/data/artifacts/3407b237-981f-40da-962
                             3-4c4ac3c2087b/workspace/before/gradlew --no-daemon
                             --stacktrace --continue                            
                             compileCommonMainKotlinMetadata                    
                             (cwd=/Users/sbobi/Desktop/Tesis-Master/Desarrollo/k
                             mp-repair-pipeline/data/artifacts/3407b237-981f-40d
                             a-9623-4c4ac3c2087b/workspace/before)              
[04/06/26 22:32:31] INFO     Task compileCommonMainKotlinMetadata finished:     
                             exit_code=0 status=SUCCESS_REPOSITORY_LEVEL        
                             duration=9.0s errors=0                             
                    INFO     Running:                                           
                             /Users/sbobi/Desktop/Tesis-Master/Desarrollo/kmp-re
                             pair-pipeline/data/artifacts/3407b237-981f-40da-962
                             3-4c4ac3c2087b/workspace/before/gradlew --no-daemon
                             --stacktrace --continue compileKotlinJvm           
                             (cwd=/Users/sbobi/Desktop/Tesis-Master/Desarrollo/k
                             mp-repair-pipeline/data/artifacts/3407b237-981f-40d
                             a-9623-4c4ac3c2087b/workspace/before)              
[04/06/26 22:32:35] INFO     Task compileKotlinJvm finished: exit_code=0        
                             status=SUCCESS_REPOSITORY_LEVEL duration=4.8s      
                             errors=0                                           
                    INFO     Running:                                           
                             /Users/sbobi/Desktop/Tesis-Master/Desarrollo/kmp-re
                             pair-pipeline/data/artifacts/3407b237-981f-40da-962
                             3-4c4ac3c2087b/workspace/before/gradlew --no-daemon
                             --stacktrace --continue assembleDebug              
                             (cwd=/Users/sbobi/Desktop/Tesis-Master/Desarrollo/k
                             mp-repair-pipeline/data/artifacts/3407b237-981f-40d
                             a-9623-4c4ac3c2087b/workspace/before)              
[04/06/26 22:32:42] INFO     Task assembleDebug finished: exit_code=0           
                             status=SUCCESS_REPOSITORY_LEVEL duration=6.5s      
                             errors=0                                           
                    INFO     Running:                                           
                             /Users/sbobi/Desktop/Tesis-Master/Desarrollo/kmp-re
                             pair-pipeline/data/artifacts/3407b237-981f-40da-962
                             3-4c4ac3c2087b/workspace/before/gradlew --no-daemon
                             --stacktrace --continue testDebugUnitTest          
                             (cwd=/Users/sbobi/Desktop/Tesis-Master/Desarrollo/k
                             mp-repair-pipeline/data/artifacts/3407b237-981f-40d
                             a-9623-4c4ac3c2087b/workspace/before)              
[04/06/26 22:32:48] INFO     Task testDebugUnitTest finished: exit_code=0       
                             status=SUCCESS_REPOSITORY_LEVEL duration=5.7s      
                             errors=0                                           
                    INFO     Running:                                           
                             /Users/sbobi/Desktop/Tesis-Master/Desarrollo/kmp-re
                             pair-pipeline/data/artifacts/3407b237-981f-40da-962
                             3-4c4ac3c2087b/workspace/before/gradlew --no-daemon
                             --stacktrace --continue compileKotlinIosArm64      
                             (cwd=/Users/sbobi/Desktop/Tesis-Master/Desarrollo/k
                             mp-repair-pipeline/data/artifacts/3407b237-981f-40d
                             a-9623-4c4ac3c2087b/workspace/before)              
[04/06/26 22:32:54] INFO     Task compileKotlinIosArm64 finished: exit_code=0   
                             status=SUCCESS_REPOSITORY_LEVEL duration=6.2s      
                             errors=0                                           
                    INFO     Running:                                           
                             /Users/sbobi/Desktop/Tesis-Master/Desarrollo/kmp-re
                             pair-pipeline/data/artifacts/3407b237-981f-40da-962
                             3-4c4ac3c2087b/workspace/before/gradlew --no-daemon
                             --stacktrace --continue                            
                             compileKotlinIosSimulatorArm64                     
                             (cwd=/Users/sbobi/Desktop/Tesis-Master/Desarrollo/k
                             mp-repair-pipeline/data/artifacts/3407b237-981f-40d
                             a-9623-4c4ac3c2087b/workspace/before)              
[04/06/26 22:33:00] INFO     Task compileKotlinIosSimulatorArm64 finished:      
                             exit_code=0 status=SUCCESS_REPOSITORY_LEVEL        
                             duration=6.2s errors=0                             
                    INFO     Running:                                           
                             /Users/sbobi/Desktop/Tesis-Master/Desarrollo/kmp-re
                             pair-pipeline/data/artifacts/3407b237-981f-40da-962
                             3-4c4ac3c2087b/workspace/before/gradlew --no-daemon
                             --stacktrace --continue compileKotlinIosX64        
                             (cwd=/Users/sbobi/Desktop/Tesis-Master/Desarrollo/k
                             mp-repair-pipeline/data/artifacts/3407b237-981f-40d
                             a-9623-4c4ac3c2087b/workspace/before)              
[04/06/26 22:33:06] INFO     Task compileKotlinIosX64 finished: exit_code=0     
                             status=SUCCESS_REPOSITORY_LEVEL duration=6.1s      
                             errors=0                                           
                    INFO     Running:                                           
                             /Users/sbobi/Desktop/Tesis-Master/Desarrollo/kmp-re
                             pair-pipeline/data/artifacts/3407b237-981f-40da-962
                             3-4c4ac3c2087b/workspace/after/gradlew --no-daemon 
                             --stacktrace --continue                            
                             compileCommonMainKotlinMetadata                    
                             (cwd=/Users/sbobi/Desktop/Tesis-Master/Desarrollo/k
                             mp-repair-pipeline/data/artifacts/3407b237-981f-40d
                             a-9623-4c4ac3c2087b/workspace/after)               
[04/06/26 22:33:15] INFO     Task compileCommonMainKotlinMetadata finished:     
                             exit_code=0 status=SUCCESS_REPOSITORY_LEVEL        
                             duration=8.5s errors=0                             
                    INFO     Running:                                           
                             /Users/sbobi/Desktop/Tesis-Master/Desarrollo/kmp-re
                             pair-pipeline/data/artifacts/3407b237-981f-40da-962
                             3-4c4ac3c2087b/workspace/after/gradlew --no-daemon 
                             --stacktrace --continue compileKotlinJvm           
                             (cwd=/Users/sbobi/Desktop/Tesis-Master/Desarrollo/k
                             mp-repair-pipeline/data/artifacts/3407b237-981f-40d
                             a-9623-4c4ac3c2087b/workspace/after)               
[04/06/26 22:33:19] INFO     Task compileKotlinJvm finished: exit_code=0        
                             status=SUCCESS_REPOSITORY_LEVEL duration=4.8s      
                             errors=0                                           
                    INFO     Running:                                           
                             /Users/sbobi/Desktop/Tesis-Master/Desarrollo/kmp-re
                             pair-pipeline/data/artifacts/3407b237-981f-40da-962
                             3-4c4ac3c2087b/workspace/after/gradlew --no-daemon 
                             --stacktrace --continue assembleDebug              
                             (cwd=/Users/sbobi/Desktop/Tesis-Master/Desarrollo/k
                             mp-repair-pipeline/data/artifacts/3407b237-981f-40d
                             a-9623-4c4ac3c2087b/workspace/after)               
[04/06/26 22:33:26] INFO     Task assembleDebug finished: exit_code=0           
                             status=SUCCESS_REPOSITORY_LEVEL duration=6.3s      
                             errors=0                                           
                    INFO     Running:                                           
                             /Users/sbobi/Desktop/Tesis-Master/Desarrollo/kmp-re
                             pair-pipeline/data/artifacts/3407b237-981f-40da-962
                             3-4c4ac3c2087b/workspace/after/gradlew --no-daemon 
                             --stacktrace --continue testDebugUnitTest          
                             (cwd=/Users/sbobi/Desktop/Tesis-Master/Desarrollo/k
                             mp-repair-pipeline/data/artifacts/3407b237-981f-40d
                             a-9623-4c4ac3c2087b/workspace/after)               
[04/06/26 22:33:31] INFO     Task testDebugUnitTest finished: exit_code=0       
                             status=SUCCESS_REPOSITORY_LEVEL duration=5.4s      
                             errors=0                                           
                    INFO     Running:                                           
                             /Users/sbobi/Desktop/Tesis-Master/Desarrollo/kmp-re
                             pair-pipeline/data/artifacts/3407b237-981f-40da-962
                             3-4c4ac3c2087b/workspace/after/gradlew --no-daemon 
                             --stacktrace --continue compileKotlinIosArm64      
                             (cwd=/Users/sbobi/Desktop/Tesis-Master/Desarrollo/k
                             mp-repair-pipeline/data/artifacts/3407b237-981f-40d
                             a-9623-4c4ac3c2087b/workspace/after)               
[04/06/26 22:33:38] INFO     Task compileKotlinIosArm64 finished: exit_code=1   
                             status=FAILED_BUILD duration=6.5s errors=3         
                    INFO     Running:                                           
                             /Users/sbobi/Desktop/Tesis-Master/Desarrollo/kmp-re
                             pair-pipeline/data/artifacts/3407b237-981f-40da-962
                             3-4c4ac3c2087b/workspace/after/gradlew --no-daemon 
                             --stacktrace --continue                            
                             compileKotlinIosSimulatorArm64                     
                             (cwd=/Users/sbobi/Desktop/Tesis-Master/Desarrollo/k
                             mp-repair-pipeline/data/artifacts/3407b237-981f-40d
                             a-9623-4c4ac3c2087b/workspace/after)               
[04/06/26 22:33:44] INFO     Task compileKotlinIosSimulatorArm64 finished:      
                             exit_code=1 status=FAILED_BUILD duration=6.5s      
                             errors=3                                           
                    INFO     Running:                                           
                             /Users/sbobi/Desktop/Tesis-Master/Desarrollo/kmp-re
                             pair-pipeline/data/artifacts/3407b237-981f-40da-962
                             3-4c4ac3c2087b/workspace/after/gradlew --no-daemon 
                             --stacktrace --continue compileKotlinIosX64        
                             (cwd=/Users/sbobi/Desktop/Tesis-Master/Desarrollo/k
                             mp-repair-pipeline/data/artifacts/3407b237-981f-40d
                             a-9623-4c4ac3c2087b/workspace/after)               
[04/06/26 22:33:51] INFO     Task compileKotlinIosX64 finished: exit_code=1     
                             status=FAILED_BUILD duration=6.4s errors=3         
[04/06/26 22:33:51] INFO     Case 3407b237 execution complete:                  
                             status=FAILED_BUILD errors=9                       
Case 3407b237 execution complete:
  status         : EXECUTED
  revisions run  : before, after
  runnable targets: ['shared', 'android', 'ios']
  errors (after) : 9
