[04/07/26 15:12:01] INFO     Database engine created: localhost:5432/kmp_repair 
[04/07/26 15:12:01] INFO     Rehydrated: Case 75969c60 [EVALUATED]              
                             kmp-production-sample-impact-demo | io.insert-koin 
                             4.1.0→4.2.0                                        
[04/07/26 15:12:01] INFO     Case 75969c60: --fresh deleted 11 execution_run(s) 
                    INFO     reset workspace to HEAD:                           
                             /Users/sbobi/Desktop/Tesis-Master/Desarrollo/kmp-re
                             pair-pipeline/data/artifacts/75969c60-4dc1-44c2-af0
                             2-f7ed8cedf597/workspace/before                    
                    INFO     reset workspace to HEAD:                           
                             /Users/sbobi/Desktop/Tesis-Master/Desarrollo/kmp-re
                             pair-pipeline/data/artifacts/75969c60-4dc1-44c2-af0
                             2-f7ed8cedf597/workspace/after                     
[04/07/26 15:12:02] INFO     Wrote sdk.dir to                                   
                             /Users/sbobi/Desktop/Tesis-Master/Desarrollo/kmp-re
                             pair-pipeline/data/artifacts/75969c60-4dc1-44c2-af0
                             2-f7ed8cedf597/workspace/after/local.properties    
                    INFO     EnvProfile: java=openjdk version "21.0.9"          
                             2025-10-21 LTS gradlew=True android=True xcode=True
                             targets=['shared', 'android', 'ios']               
                    INFO     Wrote sdk.dir to                                   
                             /Users/sbobi/Desktop/Tesis-Master/Desarrollo/kmp-re
                             pair-pipeline/data/artifacts/75969c60-4dc1-44c2-af0
                             2-f7ed8cedf597/workspace/before/local.properties   
[04/07/26 15:12:02] INFO     Case 75969c60: wrote local.properties to before    
                             workspace                                          
                    INFO     Case 75969c60: runnable=['shared', 'android',      
                             'ios'] unavailable=[]                              
[04/07/26 15:12:02] INFO     Running:                                           
                             /Users/sbobi/Desktop/Tesis-Master/Desarrollo/kmp-re
                             pair-pipeline/data/artifacts/75969c60-4dc1-44c2-af0
                             2-f7ed8cedf597/workspace/before/gradlew --no-daemon
                             --stacktrace --continue                            
                             compileCommonMainKotlinMetadata                    
                             (cwd=/Users/sbobi/Desktop/Tesis-Master/Desarrollo/k
                             mp-repair-pipeline/data/artifacts/75969c60-4dc1-44c
                             2-af02-f7ed8cedf597/workspace/before)              
[04/07/26 15:12:11] INFO     Task compileCommonMainKotlinMetadata finished:     
                             exit_code=0 status=SUCCESS_REPOSITORY_LEVEL        
                             duration=8.8s errors=0                             
                    INFO     Running:                                           
                             /Users/sbobi/Desktop/Tesis-Master/Desarrollo/kmp-re
                             pair-pipeline/data/artifacts/75969c60-4dc1-44c2-af0
                             2-f7ed8cedf597/workspace/before/gradlew --no-daemon
                             --stacktrace --continue compileKotlinJvm           
                             (cwd=/Users/sbobi/Desktop/Tesis-Master/Desarrollo/k
                             mp-repair-pipeline/data/artifacts/75969c60-4dc1-44c
                             2-af02-f7ed8cedf597/workspace/before)              
[04/07/26 15:12:15] INFO     Task compileKotlinJvm finished: exit_code=0        
                             status=SUCCESS_REPOSITORY_LEVEL duration=4.6s      
                             errors=0                                           
                    INFO     Running:                                           
                             /Users/sbobi/Desktop/Tesis-Master/Desarrollo/kmp-re
                             pair-pipeline/data/artifacts/75969c60-4dc1-44c2-af0
                             2-f7ed8cedf597/workspace/before/gradlew --no-daemon
                             --stacktrace --continue assembleDebug              
                             (cwd=/Users/sbobi/Desktop/Tesis-Master/Desarrollo/k
                             mp-repair-pipeline/data/artifacts/75969c60-4dc1-44c
                             2-af02-f7ed8cedf597/workspace/before)              
[04/07/26 15:12:22] INFO     Task assembleDebug finished: exit_code=0           
                             status=SUCCESS_REPOSITORY_LEVEL duration=6.5s      
                             errors=0                                           
                    INFO     Running:                                           
                             /Users/sbobi/Desktop/Tesis-Master/Desarrollo/kmp-re
                             pair-pipeline/data/artifacts/75969c60-4dc1-44c2-af0
                             2-f7ed8cedf597/workspace/before/gradlew --no-daemon
                             --stacktrace --continue testDebugUnitTest          
                             (cwd=/Users/sbobi/Desktop/Tesis-Master/Desarrollo/k
                             mp-repair-pipeline/data/artifacts/75969c60-4dc1-44c
                             2-af02-f7ed8cedf597/workspace/before)              
[04/07/26 15:12:27] INFO     Task testDebugUnitTest finished: exit_code=0       
                             status=SUCCESS_REPOSITORY_LEVEL duration=5.6s      
                             errors=0                                           
                    INFO     Running:                                           
                             /Users/sbobi/Desktop/Tesis-Master/Desarrollo/kmp-re
                             pair-pipeline/data/artifacts/75969c60-4dc1-44c2-af0
                             2-f7ed8cedf597/workspace/before/gradlew --no-daemon
                             --stacktrace --continue compileKotlinIosArm64      
                             (cwd=/Users/sbobi/Desktop/Tesis-Master/Desarrollo/k
                             mp-repair-pipeline/data/artifacts/75969c60-4dc1-44c
                             2-af02-f7ed8cedf597/workspace/before)              
[04/07/26 15:12:33] INFO     Task compileKotlinIosArm64 finished: exit_code=0   
                             status=SUCCESS_REPOSITORY_LEVEL duration=6.1s      
                             errors=0                                           
                    INFO     Running:                                           
                             /Users/sbobi/Desktop/Tesis-Master/Desarrollo/kmp-re
                             pair-pipeline/data/artifacts/75969c60-4dc1-44c2-af0
                             2-f7ed8cedf597/workspace/before/gradlew --no-daemon
                             --stacktrace --continue                            
                             compileKotlinIosSimulatorArm64                     
                             (cwd=/Users/sbobi/Desktop/Tesis-Master/Desarrollo/k
                             mp-repair-pipeline/data/artifacts/75969c60-4dc1-44c
                             2-af02-f7ed8cedf597/workspace/before)              
[04/07/26 15:12:39] INFO     Task compileKotlinIosSimulatorArm64 finished:      
                             exit_code=0 status=SUCCESS_REPOSITORY_LEVEL        
                             duration=6.1s errors=0                             
                    INFO     Running:                                           
                             /Users/sbobi/Desktop/Tesis-Master/Desarrollo/kmp-re
                             pair-pipeline/data/artifacts/75969c60-4dc1-44c2-af0
                             2-f7ed8cedf597/workspace/before/gradlew --no-daemon
                             --stacktrace --continue compileKotlinIosX64        
                             (cwd=/Users/sbobi/Desktop/Tesis-Master/Desarrollo/k
                             mp-repair-pipeline/data/artifacts/75969c60-4dc1-44c
                             2-af02-f7ed8cedf597/workspace/before)              
[04/07/26 15:12:46] INFO     Task compileKotlinIosX64 finished: exit_code=0     
                             status=SUCCESS_REPOSITORY_LEVEL duration=6.0s      
                             errors=0                                           
                    INFO     Running:                                           
                             /Users/sbobi/Desktop/Tesis-Master/Desarrollo/kmp-re
                             pair-pipeline/data/artifacts/75969c60-4dc1-44c2-af0
                             2-f7ed8cedf597/workspace/after/gradlew --no-daemon 
                             --stacktrace --continue                            
                             compileCommonMainKotlinMetadata                    
                             (cwd=/Users/sbobi/Desktop/Tesis-Master/Desarrollo/k
                             mp-repair-pipeline/data/artifacts/75969c60-4dc1-44c
                             2-af02-f7ed8cedf597/workspace/after)               
[04/07/26 15:12:54] INFO     Task compileCommonMainKotlinMetadata finished:     
                             exit_code=0 status=SUCCESS_REPOSITORY_LEVEL        
                             duration=8.8s errors=0                             
                    INFO     Running:                                           
                             /Users/sbobi/Desktop/Tesis-Master/Desarrollo/kmp-re
                             pair-pipeline/data/artifacts/75969c60-4dc1-44c2-af0
                             2-f7ed8cedf597/workspace/after/gradlew --no-daemon 
                             --stacktrace --continue compileKotlinJvm           
                             (cwd=/Users/sbobi/Desktop/Tesis-Master/Desarrollo/k
                             mp-repair-pipeline/data/artifacts/75969c60-4dc1-44c
                             2-af02-f7ed8cedf597/workspace/after)               
[04/07/26 15:12:59] INFO     Task compileKotlinJvm finished: exit_code=0        
                             status=SUCCESS_REPOSITORY_LEVEL duration=4.8s      
                             errors=0                                           
                    INFO     Running:                                           
                             /Users/sbobi/Desktop/Tesis-Master/Desarrollo/kmp-re
                             pair-pipeline/data/artifacts/75969c60-4dc1-44c2-af0
                             2-f7ed8cedf597/workspace/after/gradlew --no-daemon 
                             --stacktrace --continue assembleDebug              
                             (cwd=/Users/sbobi/Desktop/Tesis-Master/Desarrollo/k
                             mp-repair-pipeline/data/artifacts/75969c60-4dc1-44c
                             2-af02-f7ed8cedf597/workspace/after)               
[04/07/26 15:13:06] INFO     Task assembleDebug finished: exit_code=0           
                             status=SUCCESS_REPOSITORY_LEVEL duration=6.4s      
                             errors=0                                           
                    INFO     Running:                                           
                             /Users/sbobi/Desktop/Tesis-Master/Desarrollo/kmp-re
                             pair-pipeline/data/artifacts/75969c60-4dc1-44c2-af0
                             2-f7ed8cedf597/workspace/after/gradlew --no-daemon 
                             --stacktrace --continue testDebugUnitTest          
                             (cwd=/Users/sbobi/Desktop/Tesis-Master/Desarrollo/k
                             mp-repair-pipeline/data/artifacts/75969c60-4dc1-44c
                             2-af02-f7ed8cedf597/workspace/after)               
[04/07/26 15:13:11] INFO     Task testDebugUnitTest finished: exit_code=0       
                             status=SUCCESS_REPOSITORY_LEVEL duration=5.5s      
                             errors=0                                           
                    INFO     Running:                                           
                             /Users/sbobi/Desktop/Tesis-Master/Desarrollo/kmp-re
                             pair-pipeline/data/artifacts/75969c60-4dc1-44c2-af0
                             2-f7ed8cedf597/workspace/after/gradlew --no-daemon 
                             --stacktrace --continue compileKotlinIosArm64      
                             (cwd=/Users/sbobi/Desktop/Tesis-Master/Desarrollo/k
                             mp-repair-pipeline/data/artifacts/75969c60-4dc1-44c
                             2-af02-f7ed8cedf597/workspace/after)               
[04/07/26 15:13:18] INFO     Task compileKotlinIosArm64 finished: exit_code=1   
                             status=FAILED_BUILD duration=6.5s errors=3         
                    INFO     Running:                                           
                             /Users/sbobi/Desktop/Tesis-Master/Desarrollo/kmp-re
                             pair-pipeline/data/artifacts/75969c60-4dc1-44c2-af0
                             2-f7ed8cedf597/workspace/after/gradlew --no-daemon 
                             --stacktrace --continue                            
                             compileKotlinIosSimulatorArm64                     
                             (cwd=/Users/sbobi/Desktop/Tesis-Master/Desarrollo/k
                             mp-repair-pipeline/data/artifacts/75969c60-4dc1-44c
                             2-af02-f7ed8cedf597/workspace/after)               
[04/07/26 15:13:24] INFO     Task compileKotlinIosSimulatorArm64 finished:      
                             exit_code=1 status=FAILED_BUILD duration=6.5s      
                             errors=3                                           
                    INFO     Running:                                           
                             /Users/sbobi/Desktop/Tesis-Master/Desarrollo/kmp-re
                             pair-pipeline/data/artifacts/75969c60-4dc1-44c2-af0
                             2-f7ed8cedf597/workspace/after/gradlew --no-daemon 
                             --stacktrace --continue compileKotlinIosX64        
                             (cwd=/Users/sbobi/Desktop/Tesis-Master/Desarrollo/k
                             mp-repair-pipeline/data/artifacts/75969c60-4dc1-44c
                             2-af02-f7ed8cedf597/workspace/after)               
[04/07/26 15:13:30] INFO     Task compileKotlinIosX64 finished: exit_code=1     
                             status=FAILED_BUILD duration=6.5s errors=3         
[04/07/26 15:13:30] INFO     Case 75969c60 execution complete:                  
                             status=FAILED_BUILD errors=9                       
Case 75969c60 execution complete:
  status         : EXECUTED
  revisions run  : before, after
  runnable targets: ['shared', 'android', 'ios']
  errors (after) : 9
