To honour the JVM settings for this build a single-use Daemon process will be forked. For more on this, please refer to https://docs.gradle.org/8.11.1/userguide/gradle_daemon.html#sec:disabling_the_daemon in the Gradle documentation.
Daemon will be stopped at the end of the build 
Calculating task graph as no cached configuration is available for tasks: assembleDebug
Type-safe project accessors is an incubating feature.
> Task :composeApp:preBuild UP-TO-DATE
> Task :shared:checkKotlinGradlePluginConfigurationErrors SKIPPED
> Task :composeApp:checkKotlinGradlePluginConfigurationErrors SKIPPED
> Task :shared:preBuild UP-TO-DATE
> Task :shared:preDebugBuild UP-TO-DATE
> Task :composeApp:preDebugBuild UP-TO-DATE
> Task :composeApp:convertXmlValueResourcesForAndroidMain NO-SOURCE
> Task :composeApp:debugAssetsCopyForAGP NO-SOURCE
> Task :shared:debugAssetsCopyForAGP NO-SOURCE
> Task :composeApp:convertXmlValueResourcesForAndroidDebug NO-SOURCE
> Task :composeApp:mergeDebugNativeDebugMetadata NO-SOURCE
> Task :composeApp:copyNonXmlValueResourcesForAndroidDebug NO-SOURCE
> Task :composeApp:copyNonXmlValueResourcesForAndroidMain NO-SOURCE
> Task :composeApp:prepareComposeResourcesTaskForAndroidMain NO-SOURCE
> Task :composeApp:prepareComposeResourcesTaskForAndroidDebug NO-SOURCE
> Task :composeApp:generateResourceAccessorsForAndroidDebug NO-SOURCE
> Task :composeApp:generateResourceAccessorsForAndroidMain NO-SOURCE
> Task :composeApp:generateExpectResourceCollectorsForCommonMain UP-TO-DATE
> Task :composeApp:generateComposeResClass UP-TO-DATE
> Task :composeApp:convertXmlValueResourcesForCommonMain UP-TO-DATE
> Task :composeApp:copyNonXmlValueResourcesForCommonMain NO-SOURCE
> Task :composeApp:prepareComposeResourcesTaskForCommonMain UP-TO-DATE
> Task :composeApp:createDebugCompatibleScreenManifests
> Task :shared:javaPreCompileDebug FROM-CACHE
> Task :composeApp:generateDebugResValues FROM-CACHE
> Task :composeApp:javaPreCompileDebug FROM-CACHE
> Task :composeApp:generateDebugBuildConfig FROM-CACHE
> Task :shared:processDebugManifest FROM-CACHE
> Task :shared:generateDebugResValues FROM-CACHE
> Task :composeApp:generateResourceAccessorsForCommonMain UP-TO-DATE
> Task :shared:prepareLintJarForPublish
> Task :shared:writeDebugAarMetadata
> Task :composeApp:desugarDebugFileDependencies FROM-CACHE
> Task :composeApp:extractDeepLinksDebug FROM-CACHE
> Task :shared:generateDebugResources FROM-CACHE
> Task :composeApp:copyDebugComposeResourcesToAndroidAssets
> Task :shared:extractDeepLinksDebug FROM-CACHE
> Task :composeApp:generateDebugResources FROM-CACHE
> Task :composeApp:writeDebugAppMetadata
> Task :shared:packageDebugResources FROM-CACHE
> Task :shared:mergeDebugShaders
> Task :shared:compileDebugLibraryResources FROM-CACHE
> Task :composeApp:validateSigningDebug
> Task :shared:compileDebugShaders NO-SOURCE
> Task :shared:generateDebugAssets UP-TO-DATE
> Task :composeApp:packageDebugResources FROM-CACHE
> Task :composeApp:generateActualResourceCollectorsForAndroidMain
> Task :composeApp:writeDebugSigningConfigVersions
> Task :shared:extractDeepLinksForAarDebug FROM-CACHE
> Task :shared:prepareDebugArtProfile
> Task :composeApp:mergeDebugShaders
> Task :composeApp:compileDebugShaders NO-SOURCE
> Task :composeApp:generateDebugAssets UP-TO-DATE
> Task :shared:mergeDebugAssets
> Task :shared:mergeDebugJniLibFolders
> Task :composeApp:parseDebugLocalResources FROM-CACHE
> Task :composeApp:mergeDebugJniLibFolders
> Task :shared:mergeDebugNativeLibs NO-SOURCE
> Task :shared:parseDebugLocalResources FROM-CACHE
> Task :shared:stripDebugDebugSymbols NO-SOURCE
> Task :shared:generateDebugRFile FROM-CACHE
> Task :composeApp:mapDebugSourceSetPaths
> Task :shared:copyDebugJniLibsProjectAndLocalJars
> Task :composeApp:mergeDebugAssets
> Task :shared:copyDebugJniLibsProjectOnly
> Task :composeApp:compressDebugAssets FROM-CACHE
> Task :composeApp:checkDebugAarMetadata
> Task :composeApp:processDebugMainManifest FROM-CACHE
> Task :composeApp:processDebugManifest FROM-CACHE
> Task :composeApp:processDebugManifestForPackage FROM-CACHE
> Task :composeApp:checkDebugDuplicateClasses
> Task :composeApp:mergeDebugNativeLibs
> Task :composeApp:mergeDebugResources FROM-CACHE
> Task :shared:compileDebugKotlinAndroid FROM-CACHE
> Task :shared:compileDebugJavaWithJavac NO-SOURCE
> Task :shared:mergeDebugGeneratedProguardFiles
> Task :shared:mergeDebugConsumerProguardFiles
> Task :shared:processDebugJavaRes

> Task :composeApp:stripDebugDebugSymbols
Unable to strip the following libraries, packaging them as they are: libandroidx.graphics.path.so. Run with --info option to learn more.

> Task :shared:bundleLibCompileToJarDebug
> Task :shared:bundleLibRuntimeToDirDebug
> Task :shared:mergeDebugJavaResource
> Task :composeApp:processDebugResources FROM-CACHE
> Task :composeApp:mergeLibDexDebug FROM-CACHE
> Task :composeApp:compileDebugKotlinAndroid FROM-CACHE
> Task :composeApp:processDebugJavaRes
> Task :composeApp:mergeExtDexDebug FROM-CACHE
> Task :shared:extractDebugAnnotations FROM-CACHE
> Task :shared:syncDebugLibJars FROM-CACHE
> Task :shared:bundleDebugAar
> Task :shared:assembleDebug
> Task :composeApp:compileDebugJavaWithJavac FROM-CACHE
> Task :composeApp:dexBuilderDebug FROM-CACHE
> Task :composeApp:mergeProjectDexDebug FROM-CACHE
> Task :composeApp:mergeDebugJavaResource
> Task :composeApp:packageDebug
> Task :composeApp:assembleDebug
> Task :composeApp:createDebugApkListingFileRedirect

BUILD SUCCESSFUL in 6s
71 actionable tasks: 33 executed, 33 from cache, 5 up-to-date
Configuration cache entry stored.
