To honour the JVM settings for this build a single-use Daemon process will be forked. For more on this, please refer to https://docs.gradle.org/8.11.1/userguide/gradle_daemon.html#sec:disabling_the_daemon in the Gradle documentation.
Daemon will be stopped at the end of the build 
Calculating task graph as no cached configuration is available for tasks: compileKotlinJvm
Type-safe project accessors is an incubating feature.
> Task :shared:checkKotlinGradlePluginConfigurationErrors SKIPPED
> Task :composeApp:checkKotlinGradlePluginConfigurationErrors SKIPPED
> Task :composeApp:convertXmlValueResourcesForJvmMain NO-SOURCE
> Task :shared:jvmProcessResources NO-SOURCE
> Task :shared:processJvmMainResources SKIPPED
> Task :composeApp:copyNonXmlValueResourcesForJvmMain NO-SOURCE
> Task :composeApp:prepareComposeResourcesTaskForJvmMain NO-SOURCE
> Task :composeApp:generateResourceAccessorsForJvmMain NO-SOURCE
> Task :composeApp:generateExpectResourceCollectorsForCommonMain UP-TO-DATE
> Task :composeApp:generateComposeResClass UP-TO-DATE
> Task :composeApp:convertXmlValueResourcesForCommonMain UP-TO-DATE
> Task :composeApp:copyNonXmlValueResourcesForCommonMain NO-SOURCE
> Task :composeApp:prepareComposeResourcesTaskForCommonMain UP-TO-DATE
> Task :composeApp:generateResourceAccessorsForCommonMain UP-TO-DATE
> Task :composeApp:generateActualResourceCollectorsForJvmMain
> Task :shared:compileKotlinJvm FROM-CACHE
> Task :shared:compileJvmMainJava NO-SOURCE
> Task :shared:jvmMainClasses UP-TO-DATE
> Task :shared:jvmJar
> Task :composeApp:compileKotlinJvm FROM-CACHE

BUILD SUCCESSFUL in 4s
9 actionable tasks: 2 executed, 2 from cache, 5 up-to-date
Configuration cache entry stored.
